\BOOKMARK [1][-]{section.1}{1. Introduction}{}% 1
\BOOKMARK [1][-]{section.2}{2. Delegation and electoral considerations }{}% 2
\BOOKMARK [2][-]{subsection.2.1}{2.1. Delegation of Security Policy}{section.2}% 3
\BOOKMARK [1][-]{section.3}{3. The role of reelection incentives in the delegation of policy }{}% 4
\BOOKMARK [1][-]{section.4}{4. Mexico's War on Drugs}{}% 5
\BOOKMARK [2][-]{subsection.4.1}{4.1. Security Cooperation Agreements in Mexico }{section.4}% 6
\BOOKMARK [1][-]{section.5}{5. Term Limit Reform of 2014 }{}% 7
\BOOKMARK [1][-]{section.6}{6. Data }{}% 8
\BOOKMARK [1][-]{section.7}{7. Research Design }{}% 9
\BOOKMARK [1][-]{section.8}{8. Main Results }{}% 10
\BOOKMARK [2][-]{subsection.8.1}{8.1. Identification }{section.8}% 11
\BOOKMARK [1][-]{section.9}{9. Robustness }{}% 12
\BOOKMARK [1][-]{section.10}{10. Mechanisms: Heterogeneous Effects by the Level of Concern of Narcotraffic by Citizens}{}% 13
\BOOKMARK [1][-]{section.11}{11. Ruling out Alternative Hypothesis: Cartel Presence and Captured Incumbents}{}% 14
\BOOKMARK [1][-]{section.12}{12. Unintended consequences: Violence and Security Underprovision }{}% 15
\BOOKMARK [1][-]{section.13}{13. Conclusion }{}% 16
\BOOKMARK [1][-]{appendix.A}{Appendix A. Political Background of the 2014 Electoral Reform}{}% 17
\BOOKMARK [1][-]{appendix.B}{Appendix B. Additional Tables and Figures }{}% 18
\BOOKMARK [2][-]{subsection.B.1}{B.1. Descriptive Statistics}{appendix.B}% 19
\BOOKMARK [2][-]{subsection.B.2}{B.2. Main Results}{appendix.B}% 20
\BOOKMARK [2][-]{subsection.B.3}{B.3. Robustness}{appendix.B}% 21
\BOOKMARK [2][-]{subsection.B.4}{B.4. Mechanisms}{appendix.B}% 22
\BOOKMARK [2][-]{subsection.B.5}{B.5. Unintended consequences }{appendix.B}% 23
\BOOKMARK [1][-]{appendix.C}{Appendix C. Validating the no-anticipatory assumption }{}% 24
