This is pdfTeX, Version 3.14159265-2.6-1.40.19 (TeX Live 2018) (preloaded format=pdflatex 2018.4.16)  31 MAY 2021 15:17
entering extended mode
 restricted \write18 enabled.
 %&-line parsing enabled.
**reelection_backfire_May_31_2021.tex
(./reelection_backfire_May_31_2021.tex
LaTeX2e <2018-04-01> patch level 2
Babel <3.18> and hyphenation patterns for 84 language(s) loaded.
(/usr/local/texlive/2018/texmf-dist/tex/latex/amscls/amsart.cls
Document Class: amsart 2017/10/31 v2.20.4
\linespacing=\dimen102
\normalparindent=\dimen103
\normaltopskip=\skip41
(/usr/local/texlive/2018/texmf-dist/tex/latex/amsmath/amsmath.sty
Package: amsmath 2017/09/02 v2.17a AMS math features
\@mathmargin=\skip42

For additional information on amsmath, use the `?' option.
(/usr/local/texlive/2018/texmf-dist/tex/latex/amsmath/amstext.sty
Package: amstext 2000/06/29 v2.01 AMS text

(/usr/local/texlive/2018/texmf-dist/tex/latex/amsmath/amsgen.sty
File: amsgen.sty 1999/11/30 v2.0 generic functions
\@emptytoks=\toks14
\ex@=\dimen104
))
(/usr/local/texlive/2018/texmf-dist/tex/latex/amsmath/amsbsy.sty
Package: amsbsy 1999/11/29 v1.2d Bold Symbols
\pmbraise@=\dimen105
)
(/usr/local/texlive/2018/texmf-dist/tex/latex/amsmath/amsopn.sty
Package: amsopn 2016/03/08 v2.02 operator names
)
\inf@bad=\count80
LaTeX Info: Redefining \frac on input line 213.
\uproot@=\count81
\leftroot@=\count82
LaTeX Info: Redefining \overline on input line 375.
\classnum@=\count83
\DOTSCASE@=\count84
LaTeX Info: Redefining \ldots on input line 472.
LaTeX Info: Redefining \dots on input line 475.
LaTeX Info: Redefining \cdots on input line 596.
\Mathstrutbox@=\box26
\strutbox@=\box27
\big@size=\dimen106
LaTeX Font Info:    Redeclaring font encoding OML on input line 712.
LaTeX Font Info:    Redeclaring font encoding OMS on input line 713.
\macc@depth=\count85
\c@MaxMatrixCols=\count86
\dotsspace@=\muskip10
\c@parentequation=\count87
\dspbrk@lvl=\count88
\tag@help=\toks15
\row@=\count89
\column@=\count90
\maxfields@=\count91
\andhelp@=\toks16
\eqnshift@=\dimen107
\alignsep@=\dimen108
\tagshift@=\dimen109
\tagwidth@=\dimen110
\totwidth@=\dimen111
\lineht@=\dimen112
\@envbody=\toks17
\multlinegap=\skip43
\multlinetaggap=\skip44
\mathdisplay@stack=\toks18
LaTeX Info: Redefining \[ on input line 2817.
LaTeX Info: Redefining \] on input line 2818.
)
LaTeX Font Info:    Try loading font information for U+msa on input line 398.

(/usr/local/texlive/2018/texmf-dist/tex/latex/amsfonts/umsa.fd
File: umsa.fd 2013/01/14 v3.01 AMS symbols A
)
(/usr/local/texlive/2018/texmf-dist/tex/latex/amsfonts/amsfonts.sty
Package: amsfonts 2013/01/14 v3.01 Basic AMSFonts support
\symAMSa=\mathgroup4
\symAMSb=\mathgroup5
LaTeX Font Info:    Overwriting math alphabet `\mathfrak' in version `bold'
(Font)                  U/euf/m/n --> U/euf/b/n on input line 106.
)
\copyins=\insert199
\abstractbox=\box28
\listisep=\skip45
\c@part=\count92
\c@section=\count93
\c@subsection=\count94
\c@subsubsection=\count95
\c@paragraph=\count96
\c@subparagraph=\count97
\c@figure=\count98
\c@table=\count99
\abovecaptionskip=\skip46
\belowcaptionskip=\skip47
\captionindent=\dimen113
\thm@style=\toks19
\thm@bodyfont=\toks20
\thm@headfont=\toks21
\thm@notefont=\toks22
\thm@headpunct=\toks23
\thm@preskip=\skip48
\thm@postskip=\skip49
\thm@headsep=\skip50
\dth@everypar=\toks24
)
(/usr/local/texlive/2018/texmf-dist/tex/latex/amsfonts/amssymb.sty
Package: amssymb 2013/01/14 v3.01 AMS font symbols
)
(/usr/local/texlive/2018/texmf-dist/tex/latex/jknapltx/mathrsfs.sty
Package: mathrsfs 1996/01/01 Math RSFS package v1.0 (jk)
\symrsfs=\mathgroup6
)
(/usr/local/texlive/2018/texmf-dist/tex/latex/graphics/graphicx.sty
Package: graphicx 2017/06/01 v1.1a Enhanced LaTeX Graphics (DPC,SPQR)

(/usr/local/texlive/2018/texmf-dist/tex/latex/graphics/keyval.sty
Package: keyval 2014/10/28 v1.15 key=value parser (DPC)
\KV@toks@=\toks25
)
(/usr/local/texlive/2018/texmf-dist/tex/latex/graphics/graphics.sty
Package: graphics 2017/06/25 v1.2c Standard LaTeX Graphics (DPC,SPQR)

(/usr/local/texlive/2018/texmf-dist/tex/latex/graphics/trig.sty
Package: trig 2016/01/03 v1.10 sin cos tan (DPC)
)
(/usr/local/texlive/2018/texmf-dist/tex/latex/graphics-cfg/graphics.cfg
File: graphics.cfg 2016/06/04 v1.11 sample graphics configuration
)
Package graphics Info: Driver file: pdftex.def on input line 99.

(/usr/local/texlive/2018/texmf-dist/tex/latex/graphics-def/pdftex.def
File: pdftex.def 2018/01/08 v1.0l Graphics/color driver for pdftex
))
\Gin@req@height=\dimen114
\Gin@req@width=\dimen115
)
(/usr/local/texlive/2018/texmf-dist/tex/latex/graphics/color.sty
Package: color 2016/07/10 v1.1e Standard LaTeX Color (DPC)

(/usr/local/texlive/2018/texmf-dist/tex/latex/graphics-cfg/color.cfg
File: color.cfg 2016/01/02 v1.6 sample color configuration
)
Package color Info: Driver file: pdftex.def on input line 147.
)
(/usr/local/texlive/2018/texmf-dist/tex/latex/setspace/setspace.sty
Package: setspace 2011/12/19 v6.7a set line spacing
)
(/usr/local/texlive/2018/texmf-dist/tex/latex/ms/ragged2e.sty
Package: ragged2e 2009/05/21 v2.1 ragged2e Package (MS)

(/usr/local/texlive/2018/texmf-dist/tex/latex/ms/everysel.sty
Package: everysel 2011/10/28 v1.2 EverySelectfont Package (MS)
)
\CenteringLeftskip=\skip51
\RaggedLeftLeftskip=\skip52
\RaggedRightLeftskip=\skip53
\CenteringRightskip=\skip54
\RaggedLeftRightskip=\skip55
\RaggedRightRightskip=\skip56
\CenteringParfillskip=\skip57
\RaggedLeftParfillskip=\skip58
\RaggedRightParfillskip=\skip59
\JustifyingParfillskip=\skip60
\CenteringParindent=\skip61
\RaggedLeftParindent=\skip62
\RaggedRightParindent=\skip63
\JustifyingParindent=\skip64
)
(/usr/local/texlive/2018/texmf-dist/tex/latex/caption/caption.sty
Package: caption 2016/02/21 v3.3-144 Customizing captions (AR)

(/usr/local/texlive/2018/texmf-dist/tex/latex/caption/caption3.sty
Package: caption3 2016/05/22 v1.7-166 caption3 kernel (AR)
Package caption3 Info: TeX engine: e-TeX on input line 67.
\captionmargin=\dimen116
\captionmargin@=\dimen117
\captionwidth=\dimen118
\caption@tempdima=\dimen119
\caption@indent=\dimen120
\caption@parindent=\dimen121
\caption@hangindent=\dimen122
)
Package caption Info: AMS or SMF document class.
\c@ContinuedFloat=\count100
)
(/usr/local/texlive/2018/texmf-dist/tex/latex/etex-pkg/etex.sty
Package: etex 2016/08/01 v2.7 eTeX basic definition package (PEB,DPC)
\et@xins=\count101
)
(/usr/local/texlive/2018/texmf-dist/tex/latex/tools/longtable.sty
Package: longtable 2014/10/28 v4.11 Multi-page Table package (DPC)
\LTleft=\skip65
\LTright=\skip66
\LTpre=\skip67
\LTpost=\skip68
\LTchunksize=\count102
\LTcapwidth=\dimen123
\LT@head=\box29
\LT@firsthead=\box30
\LT@foot=\box31
\LT@lastfoot=\box32
\LT@cols=\count103
\LT@rows=\count104
\c@LT@tables=\count105
\c@LT@chunks=\count106
\LT@p@ftn=\toks26
)
(/usr/local/texlive/2018/texmf-dist/tex/latex/multirow/multirow.sty
Package: multirow 2016/11/25 v2.2 Span multiple rows of a table
\multirow@colwidth=\skip69
\multirow@cntb=\count107
\multirow@dima=\skip70
\bigstrutjot=\dimen124
)
(/usr/local/texlive/2018/texmf-dist/tex/latex/footmisc/footmisc.sty
Package: footmisc 2011/06/06 v5.5b a miscellany of footnote facilities
\FN@temptoken=\toks27
\footnotemargin=\dimen125
\c@pp@next@reset=\count108
Package footmisc Info: Declaring symbol style bringhurst on input line 855.
Package footmisc Info: Declaring symbol style chicago on input line 863.
Package footmisc Info: Declaring symbol style wiley on input line 872.
Package footmisc Info: Declaring symbol style lamport-robust on input line 883.

Package footmisc Info: Declaring symbol style lamport* on input line 903.
Package footmisc Info: Declaring symbol style lamport*-robust on input line 924
.
)
(/usr/local/texlive/2018/texmf-dist/tex/latex/geometry/geometry.sty
Package: geometry 2018/03/24 v5.7 Page Geometry

(/usr/local/texlive/2018/texmf-dist/tex/generic/oberdiek/ifpdf.sty
Package: ifpdf 2017/03/15 v3.2 Provides the ifpdf switch
)
(/usr/local/texlive/2018/texmf-dist/tex/generic/oberdiek/ifvtex.sty
Package: ifvtex 2016/05/16 v1.6 Detect VTeX and its facilities (HO)
Package ifvtex Info: VTeX not detected.
)
(/usr/local/texlive/2018/texmf-dist/tex/generic/ifxetex/ifxetex.sty
Package: ifxetex 2010/09/12 v0.6 Provides ifxetex conditional
)
\Gm@cnth=\count109
\Gm@cntv=\count110
\c@Gm@tempcnt=\count111
\Gm@bindingoffset=\dimen126
\Gm@wd@mp=\dimen127
\Gm@odd@mp=\dimen128
\Gm@even@mp=\dimen129
\Gm@layoutwidth=\dimen130
\Gm@layoutheight=\dimen131
\Gm@layouthoffset=\dimen132
\Gm@layoutvoffset=\dimen133
\Gm@dimlist=\toks28
)
(/usr/local/texlive/2018/texmf-dist/tex/latex/float/float.sty
Package: float 2001/11/08 v1.3d Float enhancements (AL)
\c@float@type=\count112
\float@exts=\toks29
\float@box=\box33
\@float@everytoks=\toks30
\@floatcapt=\box34
)
(/usr/local/texlive/2018/texmf-dist/tex/latex/tools/verbatim.sty
Package: verbatim 2014/10/28 v1.5q LaTeX2e package for verbatim enhancements
\every@verbatim=\toks31
\verbatim@line=\toks32
\verbatim@in@stream=\read1
)
(/usr/local/texlive/2018/texmf-dist/tex/latex/tools/array.sty
Package: array 2018/04/07 v2.4g Tabular extension package (FMi)
\col@sep=\dimen134
\ar@mcellbox=\box35
\extrarowheight=\dimen135
\NC@list=\toks33
\extratabsurround=\skip71
\backup@length=\skip72
\ar@cellbox=\box36
)
(/usr/local/texlive/2018/texmf-dist/tex/latex/booktabs/booktabs.sty
Package: booktabs 2016/04/27 v1.618033 publication quality tables
\heavyrulewidth=\dimen136
\lightrulewidth=\dimen137
\cmidrulewidth=\dimen138
\belowrulesep=\dimen139
\belowbottomsep=\dimen140
\aboverulesep=\dimen141
\abovetopsep=\dimen142
\cmidrulesep=\dimen143
\cmidrulekern=\dimen144
\defaultaddspace=\dimen145
\@cmidla=\count113
\@cmidlb=\count114
\@aboverulesep=\dimen146
\@belowrulesep=\dimen147
\@thisruleclass=\count115
\@lastruleclass=\count116
\@thisrulewidth=\dimen148
)
(/usr/local/texlive/2018/texmf-dist/tex/latex/oberdiek/pdflscape.sty
Package: pdflscape 2016/05/14 v0.11 Display of landscape pages in PDF (HO)

(/usr/local/texlive/2018/texmf-dist/tex/latex/graphics/lscape.sty
Package: lscape 2000/10/22 v3.01 Landscape Pages (DPC)
)
Package pdflscape Info: Auto-detected driver: pdftex on input line 81.
)
(/usr/local/texlive/2018/texmf-dist/tex/latex/graphics/rotating.sty
Package: rotating 2016/08/11 v2.16d rotated objects in LaTeX

(/usr/local/texlive/2018/texmf-dist/tex/latex/base/ifthen.sty
Package: ifthen 2014/09/29 v1.1c Standard LaTeX ifthen package (DPC)
)
\c@r@tfl@t=\count117
\rotFPtop=\skip73
\rotFPbot=\skip74
\rot@float@box=\box37
\rot@mess@toks=\toks34
)
(/usr/local/texlive/2018/texmf-dist/tex/latex/natbib/natbib.sty
Package: natbib 2010/09/13 8.31b (PWD, AO)
\bibhang=\skip75
\bibsep=\skip76
LaTeX Info: Redefining \cite on input line 694.
\c@NAT@ctr=\count118
)
(/usr/local/texlive/2018/texmf-dist/tex/latex/appendix/appendix.sty
Package: appendix 2009/09/02 v1.2b extra appendix facilities
\c@@pps=\count119
\c@@ppsavesec=\count120
\c@@ppsaveapp=\count121
)
(/usr/local/texlive/2018/texmf-dist/tex/latex/caption/subcaption.sty
Package: subcaption 2016/05/22 v1.1-161 Sub-captions (AR)
\c@subfigure=\count122
\c@subtable=\count123
)
(/usr/local/texlive/2018/texmf-dist/tex/latex/placeins/placeins.sty
Package: placeins 2005/04/18  v 2.2
)
(/usr/local/texlive/2018/texmf-dist/tex/latex/base/inputenc.sty
Package: inputenc 2018/04/06 v1.3b Input encoding file
\inpenc@prehook=\toks35
\inpenc@posthook=\toks36
)
(/usr/local/texlive/2018/texmf-dist/tex/latex/psnfss/charter.sty
Package: charter 2005/04/12 PSNFSS-v9.2a (P.Dyballa) 
)
(/usr/local/texlive/2018/texmf-dist/tex/latex/hyperref/hyperref.sty
Package: hyperref 2018/02/06 v6.86b Hypertext links for LaTeX

(/usr/local/texlive/2018/texmf-dist/tex/generic/oberdiek/hobsub-hyperref.sty
Package: hobsub-hyperref 2016/05/16 v1.14 Bundle oberdiek, subset hyperref (HO)


(/usr/local/texlive/2018/texmf-dist/tex/generic/oberdiek/hobsub-generic.sty
Package: hobsub-generic 2016/05/16 v1.14 Bundle oberdiek, subset generic (HO)
Package: hobsub 2016/05/16 v1.14 Construct package bundles (HO)
Package: infwarerr 2016/05/16 v1.4 Providing info/warning/error messages (HO)
Package: ltxcmds 2016/05/16 v1.23 LaTeX kernel commands for general use (HO)
Package: ifluatex 2016/05/16 v1.4 Provides the ifluatex switch (HO)
Package ifluatex Info: LuaTeX not detected.
Package hobsub Info: Skipping package `ifvtex' (already loaded).
Package: intcalc 2016/05/16 v1.2 Expandable calculations with integers (HO)
Package hobsub Info: Skipping package `ifpdf' (already loaded).
Package: etexcmds 2016/05/16 v1.6 Avoid name clashes with e-TeX commands (HO)
Package etexcmds Info: Could not find \expanded.
(etexcmds)             That can mean that you are not using pdfTeX 1.50 or
(etexcmds)             that some package has redefined \expanded.
(etexcmds)             In the latter case, load this package earlier.
Package: kvsetkeys 2016/05/16 v1.17 Key value parser (HO)
Package: kvdefinekeys 2016/05/16 v1.4 Define keys (HO)
Package: pdftexcmds 2018/01/30 v0.27 Utility functions of pdfTeX for LuaTeX (HO
)
Package pdftexcmds Info: LuaTeX not detected.
Package pdftexcmds Info: \pdf@primitive is available.
Package pdftexcmds Info: \pdf@ifprimitive is available.
Package pdftexcmds Info: \pdfdraftmode found.
Package: pdfescape 2016/05/16 v1.14 Implements pdfTeX's escape features (HO)
Package: bigintcalc 2016/05/16 v1.4 Expandable calculations on big integers (HO
)
Package: bitset 2016/05/16 v1.2 Handle bit-vector datatype (HO)
Package: uniquecounter 2016/05/16 v1.3 Provide unlimited unique counter (HO)
)
Package hobsub Info: Skipping package `hobsub' (already loaded).
Package: letltxmacro 2016/05/16 v1.5 Let assignment for LaTeX macros (HO)
Package: hopatch 2016/05/16 v1.3 Wrapper for package hooks (HO)
Package: xcolor-patch 2016/05/16 xcolor patch
Package: atveryend 2016/05/16 v1.9 Hooks at the very end of document (HO)
Package atveryend Info: \enddocument detected (standard20110627).
Package: atbegshi 2016/06/09 v1.18 At begin shipout hook (HO)
Package: refcount 2016/05/16 v3.5 Data extraction from label references (HO)
Package: hycolor 2016/05/16 v1.8 Color options for hyperref/bookmark (HO)
)
(/usr/local/texlive/2018/texmf-dist/tex/latex/oberdiek/auxhook.sty
Package: auxhook 2016/05/16 v1.4 Hooks for auxiliary files (HO)
)
(/usr/local/texlive/2018/texmf-dist/tex/latex/oberdiek/kvoptions.sty
Package: kvoptions 2016/05/16 v3.12 Key value format for package options (HO)
)
\@linkdim=\dimen149
\Hy@linkcounter=\count124
\Hy@pagecounter=\count125

(/usr/local/texlive/2018/texmf-dist/tex/latex/hyperref/pd1enc.def
File: pd1enc.def 2018/02/06 v6.86b Hyperref: PDFDocEncoding definition (HO)
Now handling font encoding PD1 ...
... no UTF-8 mapping file for font encoding PD1
)
\Hy@SavedSpaceFactor=\count126

(/usr/local/texlive/2018/texmf-dist/tex/latex/latexconfig/hyperref.cfg
File: hyperref.cfg 2002/06/06 v1.2 hyperref configuration of TeXLive
)
Package hyperref Info: Option `colorlinks' set `true' on input line 4383.
Package hyperref Info: Hyper figures OFF on input line 4509.
Package hyperref Info: Link nesting OFF on input line 4514.
Package hyperref Info: Hyper index ON on input line 4517.
Package hyperref Info: Plain pages OFF on input line 4524.
Package hyperref Info: Backreferencing OFF on input line 4529.
Package hyperref Info: Implicit mode ON; LaTeX internals redefined.
Package hyperref Info: Bookmarks ON on input line 4762.
\c@Hy@tempcnt=\count127

(/usr/local/texlive/2018/texmf-dist/tex/latex/url/url.sty
\Urlmuskip=\muskip11
Package: url 2013/09/16  ver 3.4  Verb mode for urls, etc.
)
LaTeX Info: Redefining \url on input line 5115.
\XeTeXLinkMargin=\dimen150
\Fld@menulength=\count128
\Field@Width=\dimen151
\Fld@charsize=\dimen152
Package hyperref Info: Hyper figures OFF on input line 6369.
Package hyperref Info: Link nesting OFF on input line 6374.
Package hyperref Info: Hyper index ON on input line 6377.
Package hyperref Info: backreferencing OFF on input line 6384.
Package hyperref Info: Link coloring ON on input line 6387.
Package hyperref Info: Link coloring with OCG OFF on input line 6394.
Package hyperref Info: PDF/A mode OFF on input line 6399.
LaTeX Info: Redefining \ref on input line 6439.
LaTeX Info: Redefining \pageref on input line 6443.
\Hy@abspage=\count129
\c@Item=\count130
\c@Hfootnote=\count131
)
Package hyperref Info: Driver (autodetected): hpdftex.

(/usr/local/texlive/2018/texmf-dist/tex/latex/hyperref/hpdftex.def
File: hpdftex.def 2018/02/06 v6.86b Hyperref driver for pdfTeX
\Fld@listcount=\count132
\c@bookmark@seq@number=\count133

(/usr/local/texlive/2018/texmf-dist/tex/latex/oberdiek/rerunfilecheck.sty
Package: rerunfilecheck 2016/05/16 v1.8 Rerun checks for auxiliary files (HO)
Package uniquecounter Info: New unique counter `rerunfilecheck' on input line 2
82.
)
\Hy@SectionHShift=\skip77
)
(/usr/local/texlive/2018/texmf-dist/tex/latex/apptools/apptools.sty
Package: apptools 2012/11/28 v1.0 Tools for customizing appendices
)
(/usr/local/texlive/2018/texmf-dist/tex/latex/multibib/multibib.sty
Package: multibib 2008/12/10 v1.4 Multiple bibliographies for one document.
\mb@biblabelwidth=\count134
)
   defining Unicode char U+00A0 (decimal 160)
\@auxoutmain=\write3

No file main.aux.
\openout3 = `main.aux'.

\@auxoutsupp=\write4
No file supp.aux.
\openout4 = `supp.aux'.

\c@theorem=\count135
\c@lemma=\count136
\c@corollary=\count137
\c@definition=\count138
\c@assumption=\count139
\c@example=\count140
No file reelection_backfire_May_31_2021.aux.
\openout1 = `reelection_backfire_May_31_2021.aux'.

LaTeX Font Info:    Checking defaults for OML/cmm/m/it on input line 94.
LaTeX Font Info:    ... okay on input line 94.
LaTeX Font Info:    Checking defaults for T1/cmr/m/n on input line 94.
LaTeX Font Info:    ... okay on input line 94.
LaTeX Font Info:    Checking defaults for OT1/cmr/m/n on input line 94.
LaTeX Font Info:    ... okay on input line 94.
LaTeX Font Info:    Checking defaults for OMS/cmsy/m/n on input line 94.
LaTeX Font Info:    ... okay on input line 94.
LaTeX Font Info:    Checking defaults for OMX/cmex/m/n on input line 94.
LaTeX Font Info:    ... okay on input line 94.
LaTeX Font Info:    Checking defaults for U/cmr/m/n on input line 94.
LaTeX Font Info:    ... okay on input line 94.
LaTeX Font Info:    Checking defaults for PD1/pdf/m/n on input line 94.
LaTeX Font Info:    ... okay on input line 94.
LaTeX Font Info:    Try loading font information for OT1+bch on input line 94.
(/usr/local/texlive/2018/texmf-dist/tex/latex/psnfss/ot1bch.fd
File: ot1bch.fd 2004/10/18 font definitions for OT1/bch.
)
LaTeX Font Info:    Try loading font information for U+msa on input line 94.

(/usr/local/texlive/2018/texmf-dist/tex/latex/amsfonts/umsa.fd
File: umsa.fd 2013/01/14 v3.01 AMS symbols A
)
LaTeX Font Info:    Try loading font information for U+msb on input line 94.

(/usr/local/texlive/2018/texmf-dist/tex/latex/amsfonts/umsb.fd
File: umsb.fd 2013/01/14 v3.01 AMS symbols B
)
LaTeX Font Info:    Try loading font information for U+rsfs on input line 94.

(/usr/local/texlive/2018/texmf-dist/tex/latex/jknapltx/ursfs.fd
File: ursfs.fd 1998/03/24 rsfs font definition file (jk)
)
(/usr/local/texlive/2018/texmf-dist/tex/context/base/mkii/supp-pdf.mkii
[Loading MPS to PDF converter (version 2006.09.02).]
\scratchcounter=\count141
\scratchdimen=\dimen153
\scratchbox=\box38
\nofMPsegments=\count142
\nofMParguments=\count143
\everyMPshowfont=\toks37
\MPscratchCnt=\count144
\MPscratchDim=\dimen154
\MPnumerator=\count145
\makeMPintoPDFobject=\count146
\everyMPtoPDFconversion=\toks38
) (/usr/local/texlive/2018/texmf-dist/tex/latex/oberdiek/epstopdf-base.sty
Package: epstopdf-base 2016/05/15 v2.6 Base part for package epstopdf

(/usr/local/texlive/2018/texmf-dist/tex/latex/oberdiek/grfext.sty
Package: grfext 2016/05/16 v1.2 Manage graphics extensions (HO)
)
Package epstopdf-base Info: Redefining graphics rule for `.eps' on input line 4
38.
Package grfext Info: Graphics extension search list:
(grfext)             [.pdf,.png,.jpg,.mps,.jpeg,.jbig2,.jb2,.PDF,.PNG,.JPG,.JPE
G,.JBIG2,.JB2,.eps]
(grfext)             \AppendGraphicsExtensions on input line 456.

(/usr/local/texlive/2018/texmf-dist/tex/latex/latexconfig/epstopdf-sys.cfg
File: epstopdf-sys.cfg 2010/07/13 v1.3 Configuration of (r)epstopdf for TeX Liv
e
))
ABD: EverySelectfont initializing macros
LaTeX Info: Redefining \selectfont on input line 94.
Package caption Info: Begin \AtBeginDocument code.
Package caption Info: float package is loaded.
Package caption Info: hyperref package is loaded.
Package caption Info: longtable package is loaded.

(/usr/local/texlive/2018/texmf-dist/tex/latex/caption/ltcaption.sty
Package: ltcaption 2013/06/09 v1.4-94 longtable captions (AR)
)
Package caption Info: rotating package is loaded.
Package caption Info: End \AtBeginDocument code.

*geometry* driver: auto-detecting
*geometry* detected driver: pdftex
*geometry* verbose mode - [ preamble ] result:
* driver: pdftex
* paper: <default>
* layout: <same size as paper>
* layoutoffset:(h,v)=(0.0pt,0.0pt)
* modes: twoside 
* h-part:(L,W,R)=(73.71613pt, 430.00462pt, 110.57425pt)
* v-part:(T,H,B)=(95.39737pt, 556.47656pt, 143.09605pt)
* \paperwidth=614.295pt
* \paperheight=794.96999pt
* \textwidth=469.75499pt
* \textheight=650.43pt
* \oddsidemargin=0.0pt
* \evensidemargin=0.0pt
* \topmargin=-7.22743pt
* \headheight=8.0pt
* \headsep=14.0pt
* \topskip=10.0pt
* \footskip=12.0pt
* \marginparwidth=90.0pt
* \marginparsep=11.0pt
* \columnsep=10.0pt
* \skip\footins=7.0pt plus 11.0pt
* \hoffset=0.0pt
* \voffset=0.0pt
* \mag=1000
* \@twocolumnfalse
* \@twosidetrue
* \@mparswitchtrue
* \@reversemarginfalse
* (1in=72.27pt=25.4mm, 1cm=28.453pt)

\AtBeginShipoutBox=\box39
Package hyperref Info: Link coloring ON on input line 94.
(/usr/local/texlive/2018/texmf-dist/tex/latex/hyperref/nameref.sty
Package: nameref 2016/05/21 v2.44 Cross-referencing by name of section

(/usr/local/texlive/2018/texmf-dist/tex/generic/oberdiek/gettitlestring.sty
Package: gettitlestring 2016/05/16 v1.5 Cleanup title references (HO)
)
\c@section@level=\count147
)
LaTeX Info: Redefining \ref on input line 94.
LaTeX Info: Redefining \pageref on input line 94.
LaTeX Info: Redefining \nameref on input line 94.
\@outlinefile=\write5
\openout5 = `reelection_backfire_May_31_2021.out'.


Underfull \hbox (badness 10000) in paragraph at lines 131--131

 []

[1{/usr/local/texlive/2018/texmf-var/fonts/map/pdftex/updmap/pdftex.map}]

Package natbib Warning: Citation `grindle_2009' on page 2 undefined on input li
ne 137.


Package natbib Warning: Citation `oates_1972' on page 2 undefined on input line
 142.


Package natbib Warning: Citation `Musgrave_1959' on page 2 undefined on input l
ine 142.


Package natbib Warning: Citation `Musgrave_1983' on page 2 undefined on input l
ine 142.


Package natbib Warning: Citation `gramlich_1977' on page 2 undefined on input l
ine 142.


Package natbib Warning: Citation `Moravcsik_2000' on page 2 undefined on input 
line 142.


Package natbib Warning: Citation `Rodrick_1996' on page 2 undefined on input li
ne 142.


Package natbib Warning: Citation `oates_1972' on page 2 undefined on input line
 142.


Package natbib Warning: Citation `Besley_case_1995' on page 2 undefined on inpu
t line 142.


Package natbib Warning: Citation `chacon_2018' on page 2 undefined on input lin
e 142.


Package natbib Warning: Citation `shirk_wallman_2015' on page 2 undefined on in
put line 142.


Package natbib Warning: Citation `Moravcsik_2000' on page 2 undefined on input 
line 142.


Package natbib Warning: Citation `lake_2009' on page 2 undefined on input line 
142.


Package natbib Warning: Citation `milner_2011' on page 2 undefined on input lin
e 142.


Package natbib Warning: Citation `oates_1972' on page 2 undefined on input line
 142.


LaTeX Warning: Reference `sec:unintended' on page 2 undefined on input line 142
.


Package natbib Warning: Citation `hamman_etal_2011' on page 2 undefined on inpu
t line 144.


Package natbib Warning: Citation `Hawkins_etal_2006' on page 2 undefined on inp
ut line 144.


Package natbib Warning: Citation `oates_1972' on page 2 undefined on input line
 144.


Package natbib Warning: Citation `besley_coate_2003' on page 2 undefined on inp
ut line 144.


Package natbib Warning: Citation `cox_katz_2002' on page 2 undefined on input l
ine 144.


Package natbib Warning: Citation `motolinia_2020' on page 2 undefined on input 
line 144.


Package natbib Warning: Citation `milner_2004' on page 2 undefined on input lin
e 144.


Package natbib Warning: Citation `schleifer_vishny_1993' on page 2 undefined on
 input line 144.


Package natbib Warning: Citation `larreguy_etal_2017' on page 2 undefined on in
put line 144.


LaTeX Warning: Reference `footnote:international_delegation' on page 2 undefine
d on input line 144.

[2]

Package natbib Warning: Citation `ley_trejo_2020' on page 3 undefined on input 
line 148.


Package natbib Warning: Citation `escalante_2011' on page 3 undefined on input 
line 148.


Package natbib Warning: Citation `guerrero_2011' on page 3 undefined on input l
ine 148.


Package natbib Warning: Citation `ley_trejo_2020' on page 3 undefined on input 
line 148.

[3]

Package natbib Warning: Citation `milner_2004' on page 4 undefined on input lin
e 155.


Package natbib Warning: Citation `milner_2004' on page 4 undefined on input lin
e 155.


Package natbib Warning: Citation `mccubbins_1991' on page 4 undefined on input 
line 155.


Package natbib Warning: Citation `fiorina_1982' on page 4 undefined on input li
ne 155.


Package natbib Warning: Citation `loftis_2014' on page 4 undefined on input lin
e 155.


Package natbib Warning: Citation `coviello_etal_2017' on page 4 undefined on in
put line 155.


Package natbib Warning: Citation `motolinia_2020' on page 4 undefined on input 
line 155.


Package natbib Warning: Citation `abraham_sun_2020' on page 4 undefined on inpu
t line 157.


Package natbib Warning: Citation `imai_etal_2020' on page 4 undefined on input 
line 158.


Package natbib Warning: Citation `chaisemarting_etal_2019' on page 4 undefined 
on input line 158.


Package natbib Warning: Citation `samuelson_1984' on page 4 undefined on input 
line 158.


Package natbib Warning: Citation `dalbo_etal_2017' on page 4 undefined on input
 line 158.


Package natbib Warning: Citation `ferraz_finan_2011' on page 4 undefined on inp
ut line 158.


Package natbib Warning: Citation `pulejo_querubin_2021' on page 4 undefined on 
input line 162.


Underfull \vbox (badness 10000) has occurred while \output is active []

 [4]

Package natbib Warning: Citation `schady_2000' on page 5 undefined on input lin
e 164.


Package natbib Warning: Citation `Miguel_zaidi_2003' on page 5 undefined on inp
ut line 164.


Package natbib Warning: Citation `cole_2004' on page 5 undefined on input line 
164.


Package natbib Warning: Citation `khemani_2007' on page 5 undefined on input li
ne 164.


Package natbib Warning: Citation `wright_1974' on page 5 undefined on input lin
e 164.


Package natbib Warning: Citation `porto_2001' on page 5 undefined on input line
 164.


Package natbib Warning: Citation `ansolabehere_etal_2002' on page 5 undefined o
n input line 164.


Package natbib Warning: Citation `besley_burges_2002' on page 5 undefined on in
put line 164.


Package natbib Warning: Citation `durante_gutierrez_2013' on page 5 undefined o
n input line 166.


Package natbib Warning: Citation `escalante_2011' on page 5 undefined on input 
line 166.


Package natbib Warning: Citation `guerrero_2011' on page 5 undefined on input l
ine 166.


Package natbib Warning: Citation `dell_2015' on page 5 undefined on input line 
166.


Package natbib Warning: Citation `Hawkins_etal_2006' on page 5 undefined on inp
ut line 172.


Package natbib Warning: Citation `balla_wright_2001' on page 5 undefined on inp
ut line 172.


Package natbib Warning: Citation `potoski_woods_2001' on page 5 undefined on in
put line 172.


Package natbib Warning: Citation `spence_1999' on page 5 undefined on input lin
e 172.


Package natbib Warning: Citation `nixon_etal_2002' on page 5 undefined on input
 line 172.


Package natbib Warning: Citation `huber_shipan_2000' on page 5 undefined on inp
ut line 172.


Package natbib Warning: Citation `huber_shipan_2002' on page 5 undefined on inp
ut line 172.

[5]

Package natbib Warning: Citation `bolton_dewatripont_2005' on page 6 undefined 
on input line 180.


Package natbib Warning: Citation `moe_1989' on page 6 undefined on input line 1
80.


Package natbib Warning: Citation `shepsle_1992' on page 6 undefined on input li
ne 180.


Package natbib Warning: Citation `horn_1995' on page 6 undefined on input line 
180.


Package natbib Warning: Citation `de_figueiredo_2002' on page 6 undefined on in
put line 180.


Package natbib Warning: Citation `schelling_1960' on page 6 undefined on input 
line 180.


Package natbib Warning: Citation `aguion_tirole_1997' on page 6 undefined on in
put line 180.


Package natbib Warning: Citation `volden_2002' on page 6 undefined on input lin
e 182.


Package natbib Warning: Citation `epstein_halloran_1994' on page 6 undefined on
 input line 182.


Package natbib Warning: Citation `epstein_halloran_1999' on page 6 undefined on
 input line 182.


Package natbib Warning: Citation `bawn_1995' on page 6 undefined on input line 
182.


Package natbib Warning: Citation `gerring_etal_2011' on page 6 undefined on inp
ut line 182.


Package natbib Warning: Citation `huntington_1995' on page 6 undefined on input
 line 182.


Package natbib Warning: Citation `Hawkins_etal_2006' on page 6 undefined on inp
ut line 182.


Package natbib Warning: Citation `Moravcsik_2000' on page 6 undefined on input 
line 182.


Package natbib Warning: Citation `milner_2011' on page 6 undefined on input lin
e 182.


Package natbib Warning: Citation `lake_2009' on page 6 undefined on input line 
182.


Package natbib Warning: Citation `milner_2011' on page 6 undefined on input lin
e 182.


Package natbib Warning: Citation `Hawkins_etal_2006' on page 6 undefined on inp
ut line 182.


Package natbib Warning: Citation `Rodrick_1996' on page 6 undefined on input li
ne 182.


Package natbib Warning: Citation `mccubbins_1991' on page 6 undefined on input 
line 186.


Package natbib Warning: Citation `fiorina_1982' on page 6 undefined on input li
ne 186.


Package natbib Warning: Citation `loftis_2014' on page 6 undefined on input lin
e 186.


Package natbib Warning: Citation `bartling_fischbacher_2012' on page 6 undefine
d on input line 186.

[6]

Package natbib Warning: Citation `schady_2000' on page 7 undefined on input lin
e 188.


Package natbib Warning: Citation `Miguel_zaidi_2003' on page 7 undefined on inp
ut line 188.


Package natbib Warning: Citation `cole_2004' on page 7 undefined on input line 
188.


Package natbib Warning: Citation `dahlberg_2002' on page 7 undefined on input l
ine 188.


Package natbib Warning: Citation `wright_1974' on page 7 undefined on input lin
e 188.


Package natbib Warning: Citation `porto_2001' on page 7 undefined on input line
 188.


Package natbib Warning: Citation `ansolabehere_etal_2002' on page 7 undefined o
n input line 188.


Package natbib Warning: Citation `lizzeri_2001' on page 7 undefined on input li
ne 188.


Package natbib Warning: Citation `khemani_2007' on page 7 undefined on input li
ne 188.


Package natbib Warning: Citation `milner_2004' on page 7 undefined on input lin
e 190.


Package natbib Warning: Citation `finnemore_1996' on page 7 undefined on input 
line 190.


Package natbib Warning: Citation `ruggie_1993' on page 7 undefined on input lin
e 190.


Package natbib Warning: Citation `milner_2011' on page 7 undefined on input lin
e 190.


Package natbib Warning: Citation `diamond_1999' on page 7 undefined on input li
ne 192.


Package natbib Warning: Citation `azfar_etal_1999' on page 7 undefined on input
 line 192.


Package natbib Warning: Citation `falleti_2005' on page 7 undefined on input li
ne 192.


Package natbib Warning: Citation `samuels_2003' on page 7 undefined on input li
ne 192.


Package natbib Warning: Citation `cornelius_1999' on page 7 undefined on input 
line 192.


Package natbib Warning: Citation `treisman_1999' on page 7 undefined on input l
ine 192.


Package natbib Warning: Citation `wibbels_2000' on page 7 undefined on input li
ne 192.


Package natbib Warning: Citation `treisman_2000b' on page 7 undefined on input 
line 192.


Package natbib Warning: Citation `rodden_2002' on page 7 undefined on input lin
e 192.


Package natbib Warning: Citation `falleti_2005' on page 7 undefined on input li
ne 192.

[7]

Package natbib Warning: Citation `berman_lake_2019' on page 8 undefined on inpu
t line 201.


Package natbib Warning: Citation `berman_lake_2019' on page 8 undefined on inpu
t line 201.


Package natbib Warning: Citation `siroky_2021' on page 8 undefined on input lin
e 203.


Package natbib Warning: Citation `Mukherjee_2018' on page 8 undefined on input 
line 203.


Package natbib Warning: Citation `lyer_2010' on page 8 undefined on input line 
203.


Package natbib Warning: Citation `lange_2004' on page 8 undefined on input line
 203.


Package natbib Warning: Citation `Blanton_etal_2001' on page 8 undefined on inp
ut line 203.


Package natbib Warning: Citation `Mcnamee_2019' on page 8 undefined on input li
ne 203.


Package natbib Warning: Citation `mcalexander_2020' on page 8 undefined on inpu
t line 203.


Package natbib Warning: Citation `lechler_2018' on page 8 undefined on input li
ne 203.


Package natbib Warning: Citation `Okoye_2021' on page 8 undefined on input line
 203.


Package natbib Warning: Citation `letsa_2020' on page 8 undefined on input line
 203.

[8]

Package natbib Warning: Citation `beath_etal_2013' on page 9 undefined on input
 line 205.


Package natbib Warning: Citation `berman_etal_2011' on page 9 undefined on inpu
t line 205.


Package natbib Warning: Citation `dell_querubin_2018' on page 9 undefined on in
put line 205.


Package natbib Warning: Citation `chacon_2018' on page 9 undefined on input lin
e 205.


LaTeX Warning: Reference `sec:why_delegate' on page 9 undefined on input line 2
11.


Package natbib Warning: Citation `mayhew_1974' on page 9 undefined on input lin
e 223.


Package natbib Warning: Citation `manin_etal_1999' on page 9 undefined on input
 line 223.


Package natbib Warning: Citation `ashworth_2012' on page 9 undefined on input l
ine 223.


Package natbib Warning: Citation `dalbo_etal_2017' on page 9 undefined on input
 line 223.


Package natbib Warning: Citation `ferraz_finan_2011' on page 9 undefined on inp
ut line 223.


Package natbib Warning: Citation `hall_etal_2018' on page 9 undefined on input 
line 223.


Package natbib Warning: Citation `alt_etal_2011' on page 9 undefined on input l
ine 223.


Package natbib Warning: Citation `smart_sturm_2013' on page 9 undefined on inpu
t line 223.


Package natbib Warning: Citation `lizzeri_2001' on page 9 undefined on input li
ne 225.

[9]

Package natbib Warning: Citation `ferejohn_1986' on page 10 undefined on input 
line 229.


Package natbib Warning: Citation `ashworth_2012' on page 10 undefined on input 
line 229.


Package natbib Warning: Citation `Rogoff_1988' on page 10 undefined on input li
ne 231.


Package natbib Warning: Citation `Rogoff_1990' on page 10 undefined on input li
ne 231.


Package natbib Warning: Citation `klein_sakurai_2015' on page 10 undefined on i
nput line 231.


Package natbib Warning: Citation `Drazen_eslava_2005' on page 10 undefined on i
nput line 231.


Package natbib Warning: Citation `Besley_case_1995' on page 10 undefined on inp
ut line 231.


Package natbib Warning: Citation `peltzman_1992' on page 10 undefined on input 
line 231.


Package natbib Warning: Citation `Schettini_2020' on page 10 undefined on input
 line 231.


Package natbib Warning: Citation `akhmedov_2004' on page 10 undefined on input 
line 231.


Package natbib Warning: Citation `ferraz_finan_2011' on page 10 undefined on in
put line 231.


Package natbib Warning: Citation `frey_2021' on page 10 undefined on input line
 231.


Package natbib Warning: Citation `motolinia_2020' on page 10 undefined on input
 line 231.


Package natbib Warning: Citation `Nordhaus_1975' on page 10 undefined on input 
line 231.


Package natbib Warning: Citation `motolinia_2020' on page 10 undefined on input
 line 231.

[10]

Package natbib Warning: Citation `lizzeri_2001' on page 11 undefined on input l
ine 237.


Package natbib Warning: Citation `milner_2004' on page 11 undefined on input li
ne 237.


Package natbib Warning: Citation `oates_1972' on page 11 undefined on input lin
e 237.


Package natbib Warning: Citation `martin_2006' on page 11 undefined on input li
ne 237.


Package natbib Warning: Citation `lyne_etal_2006' on page 11 undefined on input
 line 237.


Package natbib Warning: Citation `Besley_case_1995' on page 11 undefined on inp
ut line 237.


Package natbib Warning: Citation `fiorina_1982' on page 11 undefined on input l
ine 237.


Package natbib Warning: Citation `loftis_2014' on page 11 undefined on input li
ne 237.


Package natbib Warning: Citation `ley_trejo_2020' on page 11 undefined on input
 line 237.

[11]

Package natbib Warning: Citation `rios_2013' on page 12 undefined on input line
 243.


Package natbib Warning: Citation `dell_2015' on page 12 undefined on input line
 243.


Package natbib Warning: Citation `rios_2013' on page 12 undefined on input line
 243.


Package natbib Warning: Citation `dell_2015' on page 12 undefined on input line
 243.


Package natbib Warning: Citation `castillo_etal_2018' on page 12 undefined on i
nput line 243.


Overfull \hbox (15.49326pt too wide) in paragraph at lines 243--244
\OT1/bch/m/n/12 homi-cides per 100,000 in-hab-i-tants in June of 2019, the most
 vi-o-lent rate of post-revolutionary
 []


Package natbib Warning: Citation `guerrero_2011' on page 12 undefined on input 
line 245.


Package natbib Warning: Citation `escalante_2011' on page 12 undefined on input
 line 245.


Package natbib Warning: Citation `daly_etal_2012' on page 12 undefined on input
 line 245.


Package natbib Warning: Citation `moloeznik_etal_2012' on page 12 undefined on 
input line 245.


Package natbib Warning: Citation `magaloni_magaloni_razu_2018' on page 12 undef
ined on input line 245.


Package natbib Warning: Citation `dell_2015' on page 12 undefined on input line
 245.


Package natbib Warning: Citation `aguayo_2001' on page 12 undefined on input li
ne 247.


Package natbib Warning: Citation `moloeznik_2010' on page 12 undefined on input
 line 247.


Package natbib Warning: Citation `lopez_gonzalez_2012' on page 12 undefined on 
input line 247.


Package natbib Warning: Citation `zepeda_2010' on page 12 undefined on input li
ne 247.


Package natbib Warning: Citation `sabet_2012' on page 12 undefined on input lin
e 247.


Package natbib Warning: Citation `lopez_portillo_2012' on page 12 undefined on 
input line 247.


Package natbib Warning: Citation `davis_2017' on page 12 undefined on input lin
e 247.

[12]

Package natbib Warning: Citation `moloeznik_2016' on page 13 undefined on input
 line 261.


Underfull \vbox (badness 1377) has occurred while \output is active []

 [13]

Package natbib Warning: Citation `weldon_2003' on page 14 undefined on input li
ne 272.


Underfull \vbox (badness 1715) has occurred while \output is active []

 [14]

Package natbib Warning: Citation `motolinia_2020' on page 15 undefined on input
 line 274.

<../Figures/reform_treatmentstatus.pdf, id=121, 505.89pt x 505.89pt>
File: ../Figures/reform_treatmentstatus.pdf Graphic file (type pdf)
<use ../Figures/reform_treatmentstatus.pdf>
Package pdftex.def Info: ../Figures/reform_treatmentstatus.pdf  used on input l
ine 280.
(pdftex.def)             Requested size: 352.31624pt x 352.32199pt.

LaTeX Warning: `h' float specifier changed to `ht'.


Package natbib Warning: Citation `motolinia_2020' on page 15 undefined on input
 line 285.


LaTeX Warning: Reference `appendix:reform_backgorund' on page 15 undefined on i
nput line 285.


LaTeX Warning: Reference `fig:treatment_status' on page 15 undefined on input l
ine 287.

[15]
Underfull \vbox (badness 1616) has occurred while \output is active []

 [16 <../Figures/reform_treatmentstatus.pdf>]

Package natbib Warning: Citation `magar_2012' on page 17 undefined on input lin
e 297.


Package natbib Warning: Citation `magar_2017' on page 17 undefined on input lin
e 297.


Package natbib Warning: Citation `rivera_2012' on page 17 undefined on input li
ne 299.


Package natbib Warning: Citation `rivera_2012' on page 17 undefined on input li
ne 299.


Package natbib Warning: Citation `mackinnon_maggie_1990' on page 17 undefined o
n input line 299.

[17]

Package natbib Warning: Citation `camilo_etal_2018' on page 18 undefined on inp
ut line 303.


LaTeX Warning: Reference `tab:descriptive' on page 18 undefined on input line 3
04.


Package natbib Warning: Citation `Besley_case_1995' on page 18 undefined on inp
ut line 308.


Package natbib Warning: Citation `ashworth_2012' on page 18 undefined on input 
line 308.


Package natbib Warning: Citation `ashworth_2012' on page 18 undefined on input 
line 308.


Package natbib Warning: Citation `ferraz_finan_2011' on page 18 undefined on in
put line 308.


Package natbib Warning: Citation `abraham_sun_2020' on page 18 undefined on inp
ut line 312.


Package natbib Warning: Citation `goodman_bacon_2018' on page 18 undefined on i
nput line 312.


Package natbib Warning: Citation `callaway_santana_2019' on page 18 undefined o
n input line 312.


Package natbib Warning: Citation `strezhnev_2018' on page 18 undefined on input
 line 312.


Package natbib Warning: Citation `chaisemarting_etal_2019' on page 18 undefined
 on input line 312.


Package natbib Warning: Citation `abraham_sun_2020' on page 18 undefined on inp
ut line 312.


LaTeX Warning: Reference `fig:treatment_status' on page 18 undefined on input l
ine 313.


Package natbib Warning: Citation `abraham_sun_2020' on page 18 undefined on inp
ut line 314.

[18]
Overfull \hbox (27.01302pt too wide) detected at line 324
[]\OML/cmm/m/it/12 y[] \OT1/cmr/m/n/12 = \OML/cmm/m/it/12 ^^V[] \OT1/cmr/m/n/12
 + \OML/cmm/m/it/12 ^^V[] \OT1/cmr/m/n/12 + [] [] \OML/cmm/m/it/12 ^^M[]\OT1/cm
r/m/n/12 (1\OMS/cmsy/m/n/12 f\OML/cmm/m/it/12 E[] \OT1/cmr/m/n/12 = \OML/cmm/m/
it/12 e\OMS/cmsy/m/n/12 g ^^A \OML/cmm/m/it/12 R[]\OT1/cmr/m/n/12 ) + [] [] ^^B
[]\OML/cmm/m/it/12 X[]\OT1/cmr/m/n/12 (1\OMS/cmsy/m/n/12 f\OML/cmm/m/it/12 E[] 
\OT1/cmr/m/n/12 = \OML/cmm/m/it/12 e\OMS/cmsy/m/n/12 g ^^A \OML/cmm/m/it/12 R[]
\OT1/cmr/m/n/12 ) + \OML/cmm/m/it/12 ^^O[]
 []


LaTeX Warning: Reference `fig:treatment_status' on page 19 undefined on input l
ine 326.

[19]

Package natbib Warning: Citation `abraham_sun_2020' on page 20 undefined on inp
ut line 328.


LaTeX Warning: Reference `eq:abraham' on page 20 undefined on input line 334.


LaTeX Warning: Reference `fig:event_study_agreements' on page 20 undefined on i
nput line 340.


LaTeX Warning: Reference `tab:as_agreements' on page 20 undefined on input line
 341.


LaTeX Warning: Reference `sec:robustness' on page 20 undefined on input line 34
1.


LaTeX Warning: Reference `fig:services' on page 20 undefined on input line 344.


<Figures/catts_agreements.png, id=185, 843.65187pt x 613.29124pt>
File: Figures/catts_agreements.png Graphic file (type png)
<use Figures/catts_agreements.png>
Package pdftex.def Info: Figures/catts_agreements.png  used on input line 350.
(pdftex.def)             Requested size: 352.31624pt x 256.1207pt.

LaTeX Warning: Reference `fig:event_study_agreements' on page 20 undefined on i
nput line 353.


Package natbib Warning: Citation `abraham_sun_2020' on page 20 undefined on inp
ut line 353.


LaTeX Warning: `h' float specifier changed to `ht'.

<Figures/services.png, id=187, 843.65187pt x 613.29124pt>
File: Figures/services.png Graphic file (type png)
<use Figures/services.png>
Package pdftex.def Info: Figures/services.png  used on input line 361.
(pdftex.def)             Requested size: 305.33788pt x 221.96379pt.

LaTeX Warning: Reference `fig:services' on page 20 undefined on input line 364.



Package natbib Warning: Citation `abraham_sun_2020' on page 20 undefined on inp
ut line 364.


LaTeX Warning: `h' float specifier changed to `ht'.


LaTeX Warning: Reference `fig:event_study_agreements' on page 20 undefined on i
nput line 369.


LaTeX Warning: Reference `fig:treatment_status' on page 20 undefined on input l
ine 369.


LaTeX Warning: Reference `eq:abraham' on page 20 undefined on input line 369.


LaTeX Warning: Reference `sec:reform' on page 20 undefined on input line 369.


Package natbib Warning: Citation `altonji_etal_2005' on page 20 undefined on in
put line 369.


LaTeX Warning: Reference `fig:event_study_agreements' on page 20 undefined on i
nput line 369.


LaTeX Warning: Reference `tab:unobservables' on page 20 undefined on input line
 369.

[20]
Underfull \vbox (badness 10000) has occurred while \output is active []

 [21 <./Figures/catts_agreements.png>]

LaTeX Warning: Reference `fig:CDLZ_agreements' on page 22 undefined on input li
ne 373.


LaTeX Warning: Reference `appendix:CDLZ' on page 22 undefined on input line 373
.

[22 <./Figures/services.png>]

LaTeX Warning: Reference `fig:robustness_agreements' on page 23 undefined on in
put line 380.


LaTeX Warning: Reference `tab:as_aggregate' on page 23 undefined on input line 
380.


Package natbib Warning: Citation `abraham_sun_2020' on page 23 undefined on inp
ut line 380.


Package natbib Warning: Citation `borusyak_2017' on page 23 undefined on input 
line 380.


Package natbib Warning: Citation `dobkin_etal_2018' on page 23 undefined on inp
ut line 380.

<Figures/average_effects.png, id=212, 843.65187pt x 613.29124pt>
File: Figures/average_effects.png Graphic file (type png)
<use Figures/average_effects.png>
Package pdftex.def Info: Figures/average_effects.png  used on input line 387.
(pdftex.def)             Requested size: 352.31624pt x 256.1207pt.

LaTeX Warning: Reference `fig:robustness_agreements' on page 23 undefined on in
put line 390.


Package natbib Warning: Citation `abraham_sun_2020' on page 23 undefined on inp
ut line 390.


LaTeX Warning: `h' float specifier changed to `ht'.


Package natbib Warning: Citation `treisman_2000' on page 23 undefined on input 
line 393.


Package natbib Warning: Citation `rodden_2010' on page 23 undefined on input li
ne 393.


Package natbib Warning: Citation `salmon_1987' on page 23 undefined on input li
ne 393.


Package natbib Warning: Citation `Breton_1996' on page 23 undefined on input li
ne 393.


Package natbib Warning: Citation `treisman_2000' on page 23 undefined on input 
line 393.


LaTeX Warning: Reference `fig:comparison_fed_estatal' on page 23 undefined on i
nput line 393.

<Figures/average_effects_comparisonfedest.png, id=214, 843.65187pt x 613.29124p
t>
File: Figures/average_effects_comparisonfedest.png Graphic file (type png)
<use Figures/average_effects_comparisonfedest.png>
Package pdftex.def Info: Figures/average_effects_comparisonfedest.png  used on 
input line 400.
(pdftex.def)             Requested size: 352.31624pt x 256.1207pt.

LaTeX Warning: Reference `fig:comparison_fed_estatal' on page 23 undefined on i
nput line 403.


Package natbib Warning: Citation `abraham_sun_2020' on page 23 undefined on inp
ut line 403.


LaTeX Warning: `h' float specifier changed to `ht'.


Package natbib Warning: Citation `imai_etal_2020' on page 23 undefined on input
 line 406.


LaTeX Warning: Reference `fig:matching' on page 23 undefined on input line 406.



Package natbib Warning: Citation `chaisemarting_etal_2019' on page 23 undefined
 on input line 406.


LaTeX Warning: Reference `fig:chaisemarting_agreements' on page 23 undefined on
 input line 406.


LaTeX Warning: Reference `sec:reelection_incentives' on page 23 undefined on in
put line 411.


Package natbib Warning: Citation `milner_2004' on page 23 undefined on input li
ne 411.


Package natbib Warning: Citation `lizzeri_2001' on page 23 undefined on input l
ine 411.


Package natbib Warning: Citation `list_sturm_2006' on page 23 undefined on inpu
t line 411.


LaTeX Warning: Reference `fig:preferences_all' on page 23 undefined on input li
ne 411.


! Package inputenc Error: Unicode character ´ (U+B4)
(inputenc)                not set up for use with LaTeX.

See the inputenc package documentation for explanation.
Type  H <return>  for immediate help.
 ...                                              
                                                  
l.411 ...narcotraffic as the topic that citizens´
                                                   worry the most. When ther...

You may provide a definition with
\DeclareUnicodeCharacter 


LaTeX Warning: Reference `fig:preferences_all' on page 23 undefined on input li
ne 411.

[23] [24 <./Figures/average_effects.png>]
<Figures/preferences.png, id=228, 843.65187pt x 613.29124pt>
File: Figures/preferences.png Graphic file (type png)
<use Figures/preferences.png>
Package pdftex.def Info: Figures/preferences.png  used on input line 417.
(pdftex.def)             Requested size: 469.75499pt x 341.49426pt.


LaTeX Warning: Reference `fig:preferences_all' on page 25 undefined on input li
ne 420.


Package natbib Warning: Citation `abraham_sun_2020' on page 25 undefined on inp
ut line 420.


Underfull \vbox (badness 10000) has occurred while \output is active []

 [25 <./Figures/average_effects_comparisonfedest.png>]

Package natbib Warning: Citation `ley_2017' on page 26 undefined on input line 
423.


Package natbib Warning: Citation `treisman_2000' on page 26 undefined on input 
line 423.


LaTeX Warning: Reference `fig:alignment' on page 26 undefined on input line 423
.

[26 <./Figures/preferences.png>]
<Figures/interaction_alignment_full.png, id=242, 843.65187pt x 613.29124pt>
File: Figures/interaction_alignment_full.png Graphic file (type png)
<use Figures/interaction_alignment_full.png>
Package pdftex.def Info: Figures/interaction_alignment_full.png  used on input 
line 431.
(pdftex.def)             Requested size: 422.77661pt x 307.33736pt.


LaTeX Warning: Reference `fig:alignment' on page 27 undefined on input line 434
.


Package natbib Warning: Citation `abraham_sun_2020' on page 27 undefined on inp
ut line 434.


LaTeX Warning: Reference `tab:interaction_alignment' on page 27 undefined on in
put line 434.


Package natbib Warning: Citation `coviello_etal_2017' on page 27 undefined on i
nput line 460.


Package natbib Warning: Citation `canen_etal_2020' on page 27 undefined on inpu
t line 460.


Package natbib Warning: Citation `ch_etal_2018' on page 27 undefined on input l
ine 460.


Underfull \vbox (badness 10000) has occurred while \output is active []

 [27 <./Figures/interaction_alignment_full.png>]
<Figures/catts_homicides.png, id=249, 843.65187pt x 613.29124pt>
File: Figures/catts_homicides.png Graphic file (type png)
<use Figures/catts_homicides.png>
Package pdftex.def Info: Figures/catts_homicides.png  used on input line 503.
(pdftex.def)             Requested size: 422.77661pt x 307.33736pt.


LaTeX Warning: Reference `fig:as_violence' on page 28 undefined on input line 5
06.


Package natbib Warning: Citation `abraham_sun_2020' on page 28 undefined on inp
ut line 506.


LaTeX Warning: `h' float specifier changed to `ht'.


Package natbib Warning: Citation `oates_1972' on page 28 undefined on input lin
e 511.


LaTeX Warning: Reference `fig:as_violence' on page 28 undefined on input line 5
11.


LaTeX Warning: Reference `fig:robustness_violence' on page 28 undefined on inpu
t line 511.


Package natbib Warning: Citation `imai_etal_2020' on page 28 undefined on input
 line 511.


LaTeX Warning: Reference `fig:matching_violence' on page 28 undefined on input 
line 511.

[28]

LaTeX Warning: Reference `tab:2sls_agreement_violence' on page 29 undefined on 
input line 513.


LaTeX Warning: Reference `fig:event_study_agreements' on page 29 undefined on i
nput line 513.


Package natbib Warning: Citation `mostad_etal_2020' on page 29 undefined on inp
ut line 513.


Package natbib Warning: Citation `abraham_sun_2020' on page 29 undefined on inp
ut line 513.


Package natbib Warning: Citation `abraham_sun_2020' on page 29 undefined on inp
ut line 540.


Package natbib Warning: Citation `abraham_sun_2020' on page 29 undefined on inp
ut line 540.


LaTeX Warning: `h' float specifier changed to `ht'.

<Figures/effort.png, id=257, 843.65187pt x 613.29124pt>
File: Figures/effort.png Graphic file (type png)
<use Figures/effort.png>
Package pdftex.def Info: Figures/effort.png  used on input line 549.
(pdftex.def)             Requested size: 352.31624pt x 256.1207pt.

LaTeX Warning: Reference `fig:effort' on page 29 undefined on input line 551.


Package natbib Warning: Citation `abraham_sun_2020' on page 29 undefined on inp
ut line 551.

[29 <./Figures/catts_homicides.png>]
<Figures/expenses_allyears.png, id=265, 843.65187pt x 613.29124pt>
File: Figures/expenses_allyears.png Graphic file (type png)
<use Figures/expenses_allyears.png>
Package pdftex.def Info: Figures/expenses_allyears.png  used on input line 559.

(pdftex.def)             Requested size: 422.77661pt x 307.33736pt.


LaTeX Warning: Reference `fig:expenses' on page 30 undefined on input line 562.



Package natbib Warning: Citation `abraham_sun_2020' on page 30 undefined on inp
ut line 562.


LaTeX Warning: Reference `fig:main' on page 30 undefined on input line 562.


LaTeX Warning: `h' float specifier changed to `ht'.


LaTeX Warning: Reference `fig:effort' on page 30 undefined on input line 566.


Underfull \vbox (badness 1418) has occurred while \output is active []

 [30 <./Figures/effort.png>] [31 <./Figures/expenses_allyears.png>] [32]
No file reelection_backfire_May_31_2021.bbl.

Package natbib Warning: Citation `cantu_2019' on page 33 undefined on input lin
e 594.


Package natbib Warning: Citation `zamitiz_2017' on page 33 undefined on input l
ine 596.


! Package inputenc Error: Unicode character  (U+80)
(inputenc)                not set up for use with LaTeX.

See the inputenc package documentation for explanation.
Type  H <return>  for immediate help.
 ...                                              
                                                  
l.596 ...artial democracy throughout the country
                                                  .\footnote{From Cfr. Com...

You may provide a definition with
\DeclareUnicodeCharacter 


! Package inputenc Error: Unicode character  (U+9D)
(inputenc)                not set up for use with LaTeX.

See the inputenc package documentation for explanation.
Type  H <return>  for immediate help.
 ...                                              
                                                  
l.596 ...tial democracy throughout the country
                                                  .\footnote{From Cfr. Compe...

You may provide a definition with
\DeclareUnicodeCharacter 

[33


]

! Package inputenc Error: Unicode character  (U+80)
(inputenc)                not set up for use with LaTeX.

See the inputenc package documentation for explanation.
Type  H <return>  for immediate help.
 ...                                              
                                                  
l.599 ...n-del-instituto-nacional-de-elecciones/}}
                                                   Given the state-level opp...

You may provide a definition with
\DeclareUnicodeCharacter 


! Package inputenc Error: Unicode character  (U+9D)
(inputenc)                not set up for use with LaTeX.

See the inputenc package documentation for explanation.
Type  H <return>  for immediate help.
 ...                                              
                                                  
l.599 ...n-del-instituto-nacional-de-elecciones/}}
                                                   Given the state-level opp...

You may provide a definition with
\DeclareUnicodeCharacter 


Underfull \hbox (badness 2689) in paragraph at lines 599--599
[][][]\OT1/bch/m/n/10 For more de-tail see ``Re-gre-sion demo-crat-ica, crea-ci
on del In-sti-tuto Na-cional de Elec-ciones,
 []


Underfull \hbox (badness 2503) in paragraph at lines 599--599
\OT1/bch/m/n/10 La Jor-nada, 30 de oc-tubre, 2013, p. 15. [][]$\OT1/cmtt/m/n/10
 https : / / www . 20minutos . com . mx / noticia / b82075 /
 []


! Package inputenc Error: Unicode character  (U+80)
(inputenc)                not set up for use with LaTeX.

See the inputenc package documentation for explanation.
Type  H <return>  for immediate help.
 ...                                              
                                                  
l.599 ...da.com.mx/2014/01/09/politica/005n3pol}.}
                                                   The political gridlock le...

You may provide a definition with
\DeclareUnicodeCharacter 


! Package inputenc Error: Unicode character  (U+9D)
(inputenc)                not set up for use with LaTeX.

See the inputenc package documentation for explanation.
Type  H <return>  for immediate help.
 ...                                              
                                                  
l.599 ...da.com.mx/2014/01/09/politica/005n3pol}.}
                                                   The political gridlock le...

You may provide a definition with
\DeclareUnicodeCharacter 

[34] [35] (./Tables/agreements.tex) (./Tables/desc_violence.tex)
(./Tables/desc_preferences.tex) (./Tables/desc_quality.tex)
Underfull \vbox (badness 10000) has occurred while \output is active []

 [36


]
(./Tables/desc_mechanisms.tex) (./Tables/population.tex)
(./Tables/covariates_statelevel.tex)
Underfull \vbox (badness 10000) has occurred while \output is active []

 [37]
(./Tables/abraham_sun_estimates_DVmandounico.tex

Package natbib Warning: Citation `abraham_sun_2020' on page 38 undefined on inp
ut line 47.


Package natbib Warning: Citation `abraham_sun_2020' on page 38 undefined on inp
ut line 47.

) [38] (./Tables/abraham_sun_estimates_DVaggregate.tex

Package natbib Warning: Citation `abraham_sun_2020' on page 39 undefined on inp
ut line 26.


Package natbib Warning: Citation `abraham_sun_2020' on page 39 undefined on inp
ut line 26.

) (./Tables/abraham_sun_estimates_DVmandounico_wlag1.tex

Package natbib Warning: Citation `abraham_sun_2020' on page 39 undefined on inp
ut line 45.


Package natbib Warning: Citation `abraham_sun_2020' on page 39 undefined on inp
ut line 45.


LaTeX Warning: Float too large for page by 8.80757pt on input line 46.

) (./Tables/abraham_sun_estimates_DVmandounico_trim.tex

Package natbib Warning: Citation `abraham_sun_2020' on page 39 undefined on inp
ut line 41.


Package natbib Warning: Citation `abraham_sun_2020' on page 39 undefined on inp
ut line 41.

) (./Tables/chaisemarting_estimates_DVmandounico.tex

Package natbib Warning: Citation `chaisemarting_etal_2019' on page 39 undefined
 on input line 3.


Package natbib Warning: Citation `chaisemarting_etal_2019' on page 39 undefined
 on input line 3.


Package natbib Warning: Citation `chaisemarting_etal_2019' on page 39 undefined
 on input line 28.

) [39

] [40] [41] [42]
<Figures/acuerdo_gobestatal.png, id=361, 481.8pt x 481.8pt>
File: Figures/acuerdo_gobestatal.png Graphic file (type png)
<use Figures/acuerdo_gobestatal.png>
Package pdftex.def Info: Figures/acuerdo_gobestatal.png  used on input line 714
.
(pdftex.def)             Requested size: 422.77661pt x 422.78697pt.


LaTeX Warning: Reference `fig:matching' on page 43 undefined on input line 718.



LaTeX Warning: Reference `fig:event_study_agreements' on page 43 undefined on i
nput line 718.

[43

 <./Figures/acuerdo_gobestatal.png>]
<Figures/chaisemartin_acuerdo_estcom.png, id=369, 919.93687pt x 613.29124pt>
File: Figures/chaisemartin_acuerdo_estcom.png Graphic file (type png)
<use Figures/chaisemartin_acuerdo_estcom.png>
Package pdftex.def Info: Figures/chaisemartin_acuerdo_estcom.png  used on input
 line 727.
(pdftex.def)             Requested size: 422.77661pt x 281.85536pt.

(./Tables/abraham_sun_estimates_DVmandounico_comparisonfedyestatal_final.tex
! Missing $ inserted.
<inserted text> 
                $
l.38 }
      
I've inserted something that you may have forgotten.
(See the <inserted text> above.)
With luck, this will get me unwedged. But if you
really didn't forget anything, try typing `2' now; then
my insertion and my current dilemma will both disappear.

! Missing $ inserted.
<inserted text> 
                $
l.38 }
      
I've inserted something that you may have forgotten.
(See the <inserted text> above.)
With luck, this will get me unwedged. But if you
really didn't forget anything, try typing `2' now; then
my insertion and my current dilemma will both disappear.

! Missing $ inserted.
<inserted text> 
                $
l.38 }
      
I've inserted something that you may have forgotten.
(See the <inserted text> above.)
With luck, this will get me unwedged. But if you
really didn't forget anything, try typing `2' now; then
my insertion and my current dilemma will both disappear.

! Missing $ inserted.
<inserted text> 
                $
l.38 }
      
I've inserted something that you may have forgotten.
(See the <inserted text> above.)
With luck, this will get me unwedged. But if you
really didn't forget anything, try typing `2' now; then
my insertion and my current dilemma will both disappear.


Package natbib Warning: Citation `abraham_sun_2020' on page 44 undefined on inp
ut line 38.


Package natbib Warning: Citation `abraham_sun_2020' on page 44 undefined on inp
ut line 38.

)

Package natbib Warning: Citation `altonji_etal_2005' on page 44 undefined on in
put line 754.


LaTeX Warning: Reference `fig:event_study_agreements' on page 44 undefined on i
nput line 754.

[44

 <./Figures/chaisemartin_acuerdo_estcom.png>] [45] [46]
<Figures/motives.png, id=386, 843.65187pt x 613.29124pt>
File: Figures/motives.png Graphic file (type png)
<use Figures/motives.png>
Package pdftex.def Info: Figures/motives.png  used on input line 791.
(pdftex.def)             Requested size: 422.77661pt x 307.33736pt.

(./Tables/abraham_sun_motives.tex [47


 <./Figures/motives.png>]
! Extra alignment tab has been changed to \cr.
<recently read> \endtemplate 
                             
l.45 }
      
You have given more \span or & marks than there were
in the preamble to the \halign or \valign now in progress.
So I'll assume that you meant to type \cr instead.

! Extra alignment tab has been changed to \cr.
<recently read> \endtemplate 
                             
l.45 }
      
You have given more \span or & marks than there were
in the preamble to the \halign or \valign now in progress.
So I'll assume that you meant to type \cr instead.

! Extra alignment tab has been changed to \cr.
<recently read> \endtemplate 
                             
l.45 }
      
You have given more \span or & marks than there were
in the preamble to the \halign or \valign now in progress.
So I'll assume that you meant to type \cr instead.

! Extra alignment tab has been changed to \cr.
<recently read> \endtemplate 
                             
l.45 }
      
You have given more \span or & marks than there were
in the preamble to the \halign or \valign now in progress.
So I'll assume that you meant to type \cr instead.

! Missing $ inserted.
<inserted text> 
                $
l.45 }
      
I've inserted something that you may have forgotten.
(See the <inserted text> above.)
With luck, this will get me unwedged. But if you
really didn't forget anything, try typing `2' now; then
my insertion and my current dilemma will both disappear.

! Missing $ inserted.
<inserted text> 
                $
l.45 }
      
I've inserted something that you may have forgotten.
(See the <inserted text> above.)
With luck, this will get me unwedged. But if you
really didn't forget anything, try typing `2' now; then
my insertion and my current dilemma will both disappear.

! Missing $ inserted.
<inserted text> 
                $
l.45 }
      
I've inserted something that you may have forgotten.
(See the <inserted text> above.)
With luck, this will get me unwedged. But if you
really didn't forget anything, try typing `2' now; then
my insertion and my current dilemma will both disappear.

! Missing $ inserted.
<inserted text> 
                $
l.45 }
      
I've inserted something that you may have forgotten.
(See the <inserted text> above.)
With luck, this will get me unwedged. But if you
really didn't forget anything, try typing `2' now; then
my insertion and my current dilemma will both disappear.

! Missing $ inserted.
<inserted text> 
                $
l.45 }
      
I've inserted something that you may have forgotten.
(See the <inserted text> above.)
With luck, this will get me unwedged. But if you
really didn't forget anything, try typing `2' now; then
my insertion and my current dilemma will both disappear.

! Missing $ inserted.
<inserted text> 
                $
l.45 }
      
I've inserted something that you may have forgotten.
(See the <inserted text> above.)
With luck, this will get me unwedged. But if you
really didn't forget anything, try typing `2' now; then
my insertion and my current dilemma will both disappear.


Package natbib Warning: Citation `abraham_sun_2020' on page 48 undefined on inp
ut line 45.


Package natbib Warning: Citation `abraham_sun_2020' on page 48 undefined on inp
ut line 45.

[48]) (./Tables/abraham_sun_services.tex

Package natbib Warning: Citation `abraham_sun_2020' on page 49 undefined on inp
ut line 35.


Package natbib Warning: Citation `abraham_sun_2020' on page 49 undefined on inp
ut line 35.

[49



]) (./Tables/interaction_alignment.tex

Package natbib Warning: Citation `abraham_sun_2020' on page 50 undefined on inp
ut line 46.


Package natbib Warning: Citation `abraham_sun_2020' on page 50 undefined on inp
ut line 46.

) (./Tables/interaction_trust.tex [50

]
! Missing $ inserted.
<inserted text> 
                $
l.48 }
      
I've inserted something that you may have forgotten.
(See the <inserted text> above.)
With luck, this will get me unwedged. But if you
really didn't forget anything, try typing `2' now; then
my insertion and my current dilemma will both disappear.

! Missing $ inserted.
<inserted text> 
                $
l.48 }
      
I've inserted something that you may have forgotten.
(See the <inserted text> above.)
With luck, this will get me unwedged. But if you
really didn't forget anything, try typing `2' now; then
my insertion and my current dilemma will both disappear.

! Missing $ inserted.
<inserted text> 
                $
l.48 }
      
I've inserted something that you may have forgotten.
(See the <inserted text> above.)
With luck, this will get me unwedged. But if you
really didn't forget anything, try typing `2' now; then
my insertion and my current dilemma will both disappear.

! Missing $ inserted.
<inserted text> 
                $
l.48 }
      
I've inserted something that you may have forgotten.
(See the <inserted text> above.)
With luck, this will get me unwedged. But if you
really didn't forget anything, try typing `2' now; then
my insertion and my current dilemma will both disappear.

! Missing $ inserted.
<inserted text> 
                $
l.48 }
      
I've inserted something that you may have forgotten.
(See the <inserted text> above.)
With luck, this will get me unwedged. But if you
really didn't forget anything, try typing `2' now; then
my insertion and my current dilemma will both disappear.

! Missing $ inserted.
<inserted text> 
                $
l.48 }
      
I've inserted something that you may have forgotten.
(See the <inserted text> above.)
With luck, this will get me unwedged. But if you
really didn't forget anything, try typing `2' now; then
my insertion and my current dilemma will both disappear.

! Missing $ inserted.
<inserted text> 
                $
l.48 }
      
I've inserted something that you may have forgotten.
(See the <inserted text> above.)
With luck, this will get me unwedged. But if you
really didn't forget anything, try typing `2' now; then
my insertion and my current dilemma will both disappear.

! Missing $ inserted.
<inserted text> 
                $
l.48 }
      
I've inserted something that you may have forgotten.
(See the <inserted text> above.)
With luck, this will get me unwedged. But if you
really didn't forget anything, try typing `2' now; then
my insertion and my current dilemma will both disappear.


Package natbib Warning: Citation `abraham_sun_2020' on page 51 undefined on inp
ut line 48.


Package natbib Warning: Citation `abraham_sun_2020' on page 51 undefined on inp
ut line 48.

[51

]) (./Tables/interaction_identify.tex

Package natbib Warning: Citation `abraham_sun_2020' on page 52 undefined on inp
ut line 48.


Package natbib Warning: Citation `abraham_sun_2020' on page 52 undefined on inp
ut line 48.

[52


]) (./Tables/interaction_performance.tex

Package natbib Warning: Citation `abraham_sun_2020' on page 53 undefined on inp
ut line 48.


Package natbib Warning: Citation `abraham_sun_2020' on page 53 undefined on inp
ut line 48.

[53


]) (./Tables/interaction_corrupt.tex

Package natbib Warning: Citation `abraham_sun_2020' on page 54 undefined on inp
ut line 48.


Package natbib Warning: Citation `abraham_sun_2020' on page 54 undefined on inp
ut line 48.

[54


]) (./Tables/abraham_sun_homicides.tex

Package natbib Warning: Citation `abraham_sun_2020' on page 55 undefined on inp
ut line 45.


Package natbib Warning: Citation `abraham_sun_2020' on page 55 undefined on inp
ut line 45.

)
<Figures/average_effects_homicides.png, id=431, 843.65187pt x 613.29124pt>
File: Figures/average_effects_homicides.png Graphic file (type png)
<use Figures/average_effects_homicides.png>
Package pdftex.def Info: Figures/average_effects_homicides.png  used on input l
ine 836.
(pdftex.def)             Requested size: 422.77661pt x 307.33736pt.


LaTeX Warning: Reference `fig:robustness_violence' on page 55 undefined on inpu
t line 839.


Package natbib Warning: Citation `abraham_sun_2020' on page 55 undefined on inp
ut line 839.


Underfull \vbox (badness 10000) has occurred while \output is active []

 [55


]
<Figures/panelmatch_logdefuncionespc.png, id=439, 481.8pt x 481.8pt>
File: Figures/panelmatch_logdefuncionespc.png Graphic file (type png)
<use Figures/panelmatch_logdefuncionespc.png>
Package pdftex.def Info: Figures/panelmatch_logdefuncionespc.png  used on input
 line 846.
(pdftex.def)             Requested size: 352.31624pt x 352.32861pt.


LaTeX Warning: Reference `fig:matching_violence' on page 56 undefined on input 
line 850.


LaTeX Warning: Reference `fig:event_study_agreements' on page 56 undefined on i
nput line 850.


Underfull \vbox (badness 10000) has occurred while \output is active []

 [56 <./Figures/average_effects_homicides.png>] [57 <./Figures/panelmatch_logde
funcionespc.png>]

LaTeX Warning: Reference `fig:CDLZ_agreements' on page 58 undefined on input li
ne 869.


Package natbib Warning: Citation `cengiz_etal_2019' on page 58 undefined on inp
ut line 869.


LaTeX Warning: Reference `fig:CDLZ_agreements' on page 58 undefined on input li
ne 875.


Package natbib Warning: Citation `cengiz_etal_2019' on page 58 undefined on inp
ut line 879.


Package natbib Warning: Citation `cengiz_etal_2019' on page 58 undefined on inp
ut line 879.

<Figures/CDLZ_cov_acuerdo.png, id=452, 481.8pt x 481.8pt>
File: Figures/CDLZ_cov_acuerdo.png Graphic file (type png)
<use Figures/CDLZ_cov_acuerdo.png>
Package pdftex.def Info: Figures/CDLZ_cov_acuerdo.png  used on input line 881.
(pdftex.def)             Requested size: 234.87749pt x 234.87839pt.

LaTeX Warning: `h' float specifier changed to `ht'.


LaTeX Warning: Reference `fig:stacked_wcontrols_agreements' on page 58 undefine
d on input line 887.


Package natbib Warning: Citation `cengiz_etal_2019' on page 58 undefined on inp
ut line 887.


LaTeX Warning: Reference `fig:CDLZ_agreements' on page 58 undefined on input li
ne 887.


LaTeX Warning: Reference `fig:stacked_wcontrols_agreements' on page 58 undefine
d on input line 887.


Package natbib Warning: Citation `cengiz_etal_2019' on page 58 undefined on inp
ut line 892.


Package natbib Warning: Citation `cengiz_etal_2019' on page 58 undefined on inp
ut line 892.

<Figures/stacked_dataset_wcontrols_acuerdo.png, id=453, 481.8pt x 481.8pt>
File: Figures/stacked_dataset_wcontrols_acuerdo.png Graphic file (type png)
<use Figures/stacked_dataset_wcontrols_acuerdo.png>
Package pdftex.def Info: Figures/stacked_dataset_wcontrols_acuerdo.png  used on
 input line 895.
(pdftex.def)             Requested size: 234.87749pt x 234.87839pt.

LaTeX Warning: Reference `fig:CDLZ_agreements' on page 58 undefined on input li
ne 898.


Underfull \vbox (badness 10000) has occurred while \output is active []

 [58

]
Overfull \vbox (42.92058pt too high) has occurred while \output is active []


[59 <./Figures/CDLZ_cov_acuerdo.png> <./Figures/stacked_dataset_wcontrols_acuer
do.png>]

Package natbib Warning: There were undefined citations.


! LaTeX Error: \begin{appendix} on input line 585 ended by \end{document}.

See the LaTeX manual or LaTeX Companion for explanation.
Type  H <return>  for immediate help.
 ...                                              
                                                  
l.907 \end{document}
                    
Your command was ignored.
Type  I <command> <return>  to replace it with another command,
or  <return>  to continue without it.

Package atveryend Info: Empty hook `BeforeClearDocument' on input line 907.
Package atveryend Info: Empty hook `AfterLastShipout' on input line 907.
(./reelection_backfire_May_31_2021.aux)
Package atveryend Info: Executing hook `AtVeryEndDocument' on input line 907.
Package atveryend Info: Executing hook `AtEndAfterFileList' on input line 907.


Package rerunfilecheck Warning: File `reelection_backfire_May_31_2021.out' has 
changed.
(rerunfilecheck)                Rerun to get outlines right
(rerunfilecheck)                or use package `bookmark'.

Package rerunfilecheck Info: Checksums for `reelection_backfire_May_31_2021.out
':
(rerunfilecheck)             Before: <no file>
(rerunfilecheck)             After:  060578AD825A378A95994A0D72DBC236;1821.

LaTeX Warning: There were undefined references.


LaTeX Warning: Label(s) may have changed. Rerun to get cross-references right.

Package atveryend Info: Empty hook `AtVeryVeryEnd' on input line 907.
 )
(\end occurred inside a group at level 1)

### semi simple group (level 1) entered at line 585 (\begingroup)
### bottom level 
Here is how much of TeX's memory you used:
 9636 strings out of 492649
 144166 string characters out of 6129622
 263375 words of memory out of 5000000
 12938 multiletter control sequences out of 15000+600000
 35769 words of font info for 74 fonts, out of 8000000 for 9000
 1302 hyphenation exceptions out of 8191
 36i,14n,42p,3349b,461s stack positions out of 5000i,500n,10000p,200000b,80000s
{/usr/local/texlive/2018/texmf-dist/fonts/enc/dvips/base/8r.enc
}</usr/local/texlive/2018/texmf-dist/fonts/type1/bitstrea/charter/bchb8a.pfb></
usr/local/texlive/2018/texmf-dist/fonts/type1/bitstrea/charter/bchr8a.pfb></usr
/local/texlive/2018/texmf-dist/fonts/type1/bitstrea/charter/bchri8a.pfb></usr/l
ocal/texlive/2018/texmf-dist/fonts/type1/public/amsfonts/cm/cmex10.pfb></usr/lo
cal/texlive/2018/texmf-dist/fonts/type1/public/amsfonts/cm/cmmi10.pfb></usr/loc
al/texlive/2018/texmf-dist/fonts/type1/public/amsfonts/cm/cmmi12.pfb></usr/loca
l/texlive/2018/texmf-dist/fonts/type1/public/amsfonts/cm/cmmi7.pfb></usr/local/
texlive/2018/texmf-dist/fonts/type1/public/amsfonts/cm/cmmi8.pfb></usr/local/te
xlive/2018/texmf-dist/fonts/type1/public/amsfonts/cm/cmr10.pfb></usr/local/texl
ive/2018/texmf-dist/fonts/type1/public/amsfonts/cm/cmr12.pfb></usr/local/texliv
e/2018/texmf-dist/fonts/type1/public/amsfonts/cm/cmr8.pfb></usr/local/texlive/2
018/texmf-dist/fonts/type1/public/amsfonts/cm/cmsy10.pfb></usr/local/texlive/20
18/texmf-dist/fonts/type1/public/amsfonts/cm/cmsy7.pfb></usr/local/texlive/2018
/texmf-dist/fonts/type1/public/amsfonts/cm/cmsy8.pfb></usr/local/texlive/2018/t
exmf-dist/fonts/type1/public/amsfonts/cm/cmtt10.pfb></usr/local/texlive/2018/te
xmf-dist/fonts/type1/public/amsfonts/symbols/msam10.pfb>
Output written on reelection_backfire_May_31_2021.pdf (59 pages, 1510826 bytes)
.
PDF statistics:
 558 PDF objects out of 1000 (max. 8388607)
 442 compressed objects within 5 object streams
 164 named destinations out of 1000 (max. 500000)
 86 words of extra memory for PDF output out of 10000 (max. 10000000)

